2024-10-26 23:12:39,268	[INFO]	(client.py:162)_bot_login	[botpy] 登录机器人账号中...
2024-10-26 23:12:39,667	[INFO]	(robot.py:65)update_access_token	[botpy] access_token expires_in 5906
2024-10-26 23:12:40,614	[INFO]	(client.py:181)_bot_init	[botpy] 程序启动...
2024-10-26 23:12:40,614	[INFO]	(connection.py:60)multi_run	[botpy] 最大并发连接数: 1, 启动会话数: 1
2024-10-26 23:12:40,615	[INFO]	(client.py:242)bot_connect	[botpy] 会话启动中...
2024-10-26 23:12:40,615	[INFO]	(gateway.py:115)ws_connect	[botpy] 启动中...
2024-10-26 23:12:40,936	[INFO]	(gateway.py:142)ws_identify	[botpy] 鉴权中...
2024-10-26 23:12:41,114	[INFO]	(gateway.py:85)on_message	[botpy] 机器人「小宁同学-测试中」启动成功！
2024-10-26 23:12:41,117	[INFO]	(gateway.py:223)_send_heart	[botpy] 心跳维持启动...
2024-10-26 23:12:41,118	[INFO]	(QQBOT.py:13)on_ready	robot onread
2024-10-26 23:21:35,358	[INFO]	(client.py:162)_bot_login	[botpy] 登录机器人账号中...
2024-10-26 23:21:35,689	[INFO]	(robot.py:65)update_access_token	[botpy] access_token expires_in 5370
2024-10-26 23:21:36,564	[INFO]	(client.py:181)_bot_init	[botpy] 程序启动...
2024-10-26 23:21:36,564	[INFO]	(connection.py:60)multi_run	[botpy] 最大并发连接数: 1, 启动会话数: 1
2024-10-26 23:21:36,565	[INFO]	(client.py:242)bot_connect	[botpy] 会话启动中...
2024-10-26 23:21:36,565	[INFO]	(gateway.py:115)ws_connect	[botpy] 启动中...
2024-10-26 23:21:36,903	[INFO]	(gateway.py:142)ws_identify	[botpy] 鉴权中...
2024-10-26 23:21:37,096	[INFO]	(gateway.py:85)on_message	[botpy] 机器人「小宁同学-测试中」启动成功！
2024-10-26 23:21:37,097	[INFO]	(gateway.py:223)_send_heart	[botpy] 心跳维持启动...
2024-10-26 23:21:37,098	[INFO]	(QQBOT.py:24)on_ready	robot onread
2024-10-26 23:22:33,531	[INFO]	(client.py:162)_bot_login	[botpy] 登录机器人账号中...
2024-10-26 23:22:33,848	[INFO]	(robot.py:65)update_access_token	[botpy] access_token expires_in 5312
2024-10-26 23:22:34,644	[INFO]	(client.py:181)_bot_init	[botpy] 程序启动...
2024-10-26 23:22:34,645	[INFO]	(connection.py:60)multi_run	[botpy] 最大并发连接数: 1, 启动会话数: 1
2024-10-26 23:22:34,645	[INFO]	(client.py:242)bot_connect	[botpy] 会话启动中...
2024-10-26 23:22:34,645	[INFO]	(gateway.py:115)ws_connect	[botpy] 启动中...
2024-10-26 23:22:34,945	[INFO]	(gateway.py:142)ws_identify	[botpy] 鉴权中...
2024-10-26 23:22:35,097	[INFO]	(gateway.py:85)on_message	[botpy] 机器人「小宁同学-测试中」启动成功！
2024-10-26 23:22:35,097	[INFO]	(gateway.py:223)_send_heart	[botpy] 心跳维持启动...
2024-10-26 23:22:35,097	[INFO]	(QQBOT.py:25)on_ready	robot onread
2024-10-26 23:24:36,255	[INFO]	(client.py:162)_bot_login	[botpy] 登录机器人账号中...
2024-10-26 23:24:36,624	[INFO]	(robot.py:65)update_access_token	[botpy] access_token expires_in 5189
2024-10-26 23:24:37,470	[INFO]	(client.py:181)_bot_init	[botpy] 程序启动...
2024-10-26 23:24:37,470	[INFO]	(connection.py:60)multi_run	[botpy] 最大并发连接数: 1, 启动会话数: 1
2024-10-26 23:24:37,470	[INFO]	(client.py:242)bot_connect	[botpy] 会话启动中...
2024-10-26 23:24:37,470	[INFO]	(gateway.py:115)ws_connect	[botpy] 启动中...
2024-10-26 23:24:37,796	[INFO]	(gateway.py:142)ws_identify	[botpy] 鉴权中...
2024-10-26 23:24:37,966	[INFO]	(gateway.py:85)on_message	[botpy] 机器人「小宁同学-测试中」启动成功！
2024-10-26 23:24:37,966	[INFO]	(gateway.py:223)_send_heart	[botpy] 心跳维持启动...
2024-10-26 23:24:37,967	[INFO]	(QQBOT.py:36)on_ready	robot onread
2024-10-26 23:25:25,373	[INFO]	(client.py:162)_bot_login	[botpy] 登录机器人账号中...
2024-10-26 23:25:25,669	[INFO]	(robot.py:65)update_access_token	[botpy] access_token expires_in 5140
2024-10-26 23:25:26,455	[INFO]	(client.py:181)_bot_init	[botpy] 程序启动...
2024-10-26 23:25:26,455	[INFO]	(connection.py:60)multi_run	[botpy] 最大并发连接数: 1, 启动会话数: 1
2024-10-26 23:25:26,456	[INFO]	(client.py:242)bot_connect	[botpy] 会话启动中...
2024-10-26 23:25:26,456	[INFO]	(gateway.py:115)ws_connect	[botpy] 启动中...
2024-10-26 23:25:26,796	[INFO]	(gateway.py:142)ws_identify	[botpy] 鉴权中...
2024-10-26 23:25:26,935	[INFO]	(gateway.py:85)on_message	[botpy] 机器人「小宁同学-测试中」启动成功！
2024-10-26 23:25:26,936	[INFO]	(gateway.py:223)_send_heart	[botpy] 心跳维持启动...
2024-10-26 23:25:26,937	[INFO]	(QQBOT.py:36)on_ready	robot onread
2024-10-26 23:26:55,537	[INFO]	(client.py:162)_bot_login	[botpy] 登录机器人账号中...
2024-10-26 23:26:55,896	[INFO]	(robot.py:65)update_access_token	[botpy] access_token expires_in 5050
2024-10-26 23:26:56,806	[INFO]	(client.py:181)_bot_init	[botpy] 程序启动...
2024-10-26 23:26:56,806	[INFO]	(connection.py:60)multi_run	[botpy] 最大并发连接数: 1, 启动会话数: 1
2024-10-26 23:26:56,807	[INFO]	(client.py:242)bot_connect	[botpy] 会话启动中...
2024-10-26 23:26:56,807	[INFO]	(gateway.py:115)ws_connect	[botpy] 启动中...
2024-10-26 23:26:57,116	[INFO]	(gateway.py:142)ws_identify	[botpy] 鉴权中...
2024-10-26 23:26:57,255	[INFO]	(gateway.py:85)on_message	[botpy] 机器人「小宁同学-测试中」启动成功！
2024-10-26 23:26:57,256	[INFO]	(gateway.py:223)_send_heart	[botpy] 心跳维持启动...
2024-10-26 23:26:57,257	[INFO]	(QQBOT.py:36)on_ready	robot onread
2024-10-26 23:29:56,554	[INFO]	(client.py:162)_bot_login	[botpy] 登录机器人账号中...
2024-10-26 23:29:56,906	[INFO]	(robot.py:65)update_access_token	[botpy] access_token expires_in 4869
2024-10-26 23:29:57,746	[INFO]	(client.py:181)_bot_init	[botpy] 程序启动...
2024-10-26 23:29:57,746	[INFO]	(connection.py:60)multi_run	[botpy] 最大并发连接数: 1, 启动会话数: 1
2024-10-26 23:29:57,747	[INFO]	(client.py:242)bot_connect	[botpy] 会话启动中...
2024-10-26 23:29:57,747	[INFO]	(gateway.py:115)ws_connect	[botpy] 启动中...
2024-10-26 23:29:58,060	[INFO]	(gateway.py:142)ws_identify	[botpy] 鉴权中...
2024-10-26 23:29:58,227	[INFO]	(gateway.py:85)on_message	[botpy] 机器人「小宁同学-测试中」启动成功！
2024-10-26 23:29:58,227	[INFO]	(gateway.py:223)_send_heart	[botpy] 心跳维持启动...
2024-10-26 23:29:58,228	[INFO]	(QQBOT.py:37)on_ready	robot onread
2024-10-26 23:30:23,095	[INFO]	(QQBOT.py:47)on_c2c_message_create	{'id': 'ROBOT1.0_FzH-wz-wSki-vBMk15wU-e4LdE9dTGvIMA773gMM67NXDmZatXybBDNJAYCB9WDGs93Dix2Fnt7FBCiYOgJvAg!!', 'timestamp': '2024-10-26T23:30:21+08:00'}
